<?xml version="1.0" encoding="UTF-8"?>
<testsuite name="FizzBuzzShould" tests="5" skipped="0" failures="0" errors="0" timestamp="2022-07-01T01:12:05" hostname="DESKTOP-KJT1TPI" time="0.085">
  <properties/>
  <testcase name="Return Buzz when number divisible by five()" classname="FizzBuzzShould" time="0.067"/>
  <testcase name="Return Fizz when number divisible by three()" classname="FizzBuzzShould" time="0.001"/>
  <testcase name="Create an Array()" classname="FizzBuzzShould" time="0.004"/>
  <testcase name="Return FizzBuzz when number divisible by three and five()" classname="FizzBuzzShould" time="0.002"/>
  <testcase name="Return all numbers on String()" classname="FizzBuzzShould" time="0.009"/>
  <system-out><![CDATA[]]></system-out>
  <system-err><![CDATA[]]></system-err>
</testsuite>
