<?xml version="1.0" encoding="UTF-8"?>
<testsuite name="FizzBuzzShould" tests="1" skipped="0" failures="0" errors="0" timestamp="2022-06-24T01:25:18" hostname="DESKTOP-KJT1TPI" time="0.075">
  <properties/>
  <testcase name="Return all numbers on String()" classname="FizzBuzzShould" time="0.075"/>
  <system-out><![CDATA[]]></system-out>
  <system-err><![CDATA[]]></system-err>
</testsuite>
